{
  "RSpec": {
    "coverage": {
      "/Users/RaleighD/dev/randr/app/models/author.rb": [
        1,
        1,
        1,
        null,
        1,
        null
      ],
      "/Users/RaleighD/dev/randr/spec/models/book_spec.rb": [
        1,
        null,
        1,
        2,
        2,
        null,
        1,
        1,
        1,
        null,
        null,
        null,
        1,
        2,
        2,
        2,
        2,
        null,
        null,
        1,
        2,
        2,
        null,
        null,
        null
      ],
      "/Users/RaleighD/dev/randr/app/models/book.rb": [
        1,
        1,
        1,
        null,
        1,
        null
      ],
      "/Users/RaleighD/dev/randr/spec/models/favorite_spec.rb": [
        1,
        null,
        1,
        1,
        2,
        null,
        1,
        1,
        1,
        null,
        null,
        null,
        1,
        2,
        2,
        null,
        null,
        1,
        2,
        2,
        null,
        null,
        null
      ],
      "/Users/RaleighD/dev/randr/app/models/favorite.rb": [
        1,
        1,
        1,
        null,
        1,
        null
      ],
      "/Users/RaleighD/dev/randr/spec/models/library_spec.rb": [
        1,
        null,
        1,
        1,
        1,
        2,
        null,
        1,
        1,
        1,
        null,
        null,
        null,
        1,
        2,
        2,
        null,
        null,
        1,
        2,
        2,
        2,
        null,
        null,
        null
      ],
      "/Users/RaleighD/dev/randr/app/models/library.rb": [
        1,
        1,
        1,
        1,
        null,
        1,
        null
      ],
      "/Users/RaleighD/dev/randr/spec/models/response_spec.rb": [

      ],
      "/Users/RaleighD/dev/randr/spec/models/search_spec.rb": [

      ],
      "/Users/RaleighD/dev/randr/spec/models/user_spec.rb": [
        1,
        null,
        1,
        2,
        null,
        1,
        1,
        1,
        null,
        null,
        null,
        1,
        2,
        2,
        2,
        null,
        1,
        2,
        2,
        2,
        2,
        null,
        null,
        null,
        1,
        2,
        2,
        2,
        2,
        null,
        null,
        null
      ],
      "/Users/RaleighD/dev/randr/app/models/user.rb": [
        1,
        1,
        1,
        1,
        1,
        null,
        1,
        null,
        1,
        1,
        1,
        null,
        null,
        1,
        0,
        0,
        0,
        null,
        0,
        null,
        null,
        0,
        null,
        null
      ]
    },
    "timestamp": 1388780209
  }
}
